nohup: ignoring input

  .   ____          _            __ _ _
 /\\ / ___'_ __ _ _(_)_ __  __ _ \ \ \ \
( ( )\___ | '_ | '_| | '_ \/ _` | \ \ \ \
 \\/  ___)| |_)| | | | | || (_| |  ) ) ) )
  '  |____| .__|_| |_|_| |_\__, | / / / /
 =========|_|==============|___/=/_/_/_/

 :: Spring Boot ::                (v3.5.5)

2025-09-01T23:42:12.812-05:00  INFO 1048 --- [           main] c.b.cuenta.CuentaServiceApplication      : Starting CuentaServiceApplication v0.0.1-SNAPSHOT using Java 17.0.11 with PID 1048 (C:\Users\user\Documents\ProyectoSoft\WorkSpace\banking-microservices\cuenta-service\target\cuenta-service-0.0.1-SNAPSHOT.jar started by user in C:\Users\user\Documents\ProyectoSoft\WorkSpace\banking-microservices\cuenta-service)
2025-09-01T23:42:12.844-05:00  INFO 1048 --- [           main] c.b.cuenta.CuentaServiceApplication      : No active profile set, falling back to 1 default profile: "default"
2025-09-01T23:42:17.484-05:00  INFO 1048 --- [           main] .s.d.r.c.RepositoryConfigurationDelegate : Bootstrapping Spring Data JPA repositories in DEFAULT mode.
2025-09-01T23:42:17.796-05:00  INFO 1048 --- [           main] .s.d.r.c.RepositoryConfigurationDelegate : Finished Spring Data repository scanning in 282 ms. Found 0 JPA repository interfaces.
2025-09-01T23:42:19.820-05:00  INFO 1048 --- [           main] o.s.b.w.embedded.tomcat.TomcatWebServer  : Tomcat initialized with port 8080 (http)
2025-09-01T23:42:19.851-05:00  INFO 1048 --- [           main] o.apache.catalina.core.StandardService   : Starting service [Tomcat]
2025-09-01T23:42:19.851-05:00  INFO 1048 --- [           main] o.apache.catalina.core.StandardEngine    : Starting Servlet engine: [Apache Tomcat/10.1.44]
2025-09-01T23:42:19.944-05:00  INFO 1048 --- [           main] o.a.c.c.C.[Tomcat].[localhost].[/]       : Initializing Spring embedded WebApplicationContext
2025-09-01T23:42:19.944-05:00  INFO 1048 --- [           main] w.s.c.ServletWebServerApplicationContext : Root WebApplicationContext: initialization completed in 6886 ms
2025-09-01T23:42:20.610-05:00  WARN 1048 --- [           main] ConfigServletWebServerApplicationContext : Exception encountered during context initialization - cancelling refresh attempt: org.springframework.beans.factory.BeanCreationException: Error creating bean with name 'entityManagerFactory' defined in class path resource [org/springframework/boot/autoconfigure/orm/jpa/HibernateJpaConfiguration.class]: Failed to initialize dependency 'dataSourceScriptDatabaseInitializer' of LoadTimeWeaverAware bean 'entityManagerFactory': Error creating bean with name 'dataSourceScriptDatabaseInitializer' defined in class path resource [org/springframework/boot/autoconfigure/sql/init/DataSourceInitializationConfiguration.class]: Unsatisfied dependency expressed through method 'dataSourceScriptDatabaseInitializer' parameter 0: Error creating bean with name 'dataSource' defined in class path resource [org/springframework/boot/autoconfigure/jdbc/DataSourceConfiguration$Hikari.class]: Failed to instantiate [com.zaxxer.hikari.HikariDataSource]: Factory method 'dataSource' threw exception with message: Failed to determine a suitable driver class
2025-09-01T23:42:20.625-05:00  INFO 1048 --- [           main] o.apache.catalina.core.StandardService   : Stopping service [Tomcat]
2025-09-01T23:42:20.717-05:00  INFO 1048 --- [           main] .s.b.a.l.ConditionEvaluationReportLogger : 

Error starting ApplicationContext. To display the condition evaluation report re-run your application with 'debug' enabled.
2025-09-01T23:42:20.759-05:00 ERROR 1048 --- [           main] o.s.b.d.LoggingFailureAnalysisReporter   : 

***************************
APPLICATION FAILED TO START
***************************

Description:

Failed to configure a DataSource: 'url' attribute is not specified and no embedded datasource could be configured.

Reason: Failed to determine a suitable driver class


Action:

Consider the following:
	If you want an embedded database (H2, HSQL or Derby), please put it on the classpath.
	If you have database settings to be loaded from a particular profile you may need to activate it (no profiles are currently active).

